Running: /opt/Xilinx/14.6/ISE_DS/ISE/bin/lin64/unwrapped/fuse -relaunch -intstyle "ise" -incremental -lib "secureip" -o "/home/csmajs/masfo001/Desktop/marker/tb_isim_beh.exe" -prj "/home/csmajs/masfo001/Desktop/marker/tb_beh.prj" "work.tb" 
ISim P.68d (signature 0xfbc00daa)
Number of CPUs detected in this system: 8
Turning on mult-threading, number of parallel sub-compilation jobs: 16 
Determining compilation order of HDL files
Parsing VHDL file "/home/csmajs/masfo001/Desktop/marker/../../Downloads/lab05/cpu_constant_library.vhd" into library work
Parsing VHDL file "/home/csmajs/masfo001/Desktop/marker/../../Downloads/lab05/cpu_component_library.vhd" into library work
Parsing VHDL file "/home/csmajs/masfo001/Desktop/marker/../../Downloads/lab05/cpu_components.vhd" into library work
Parsing VHDL file "/home/csmajs/masfo001/Desktop/marker/../../Downloads/lab05/cs161_processor.vhd" into library work
Parsing VHDL file "/home/csmajs/masfo001/Desktop/marker/../../Downloads/lab05/teebee.vhd" into library work
Starting static elaboration
Completed static elaboration
Fuse Memory Usage: 98424 KB
Fuse CPU Usage: 850 ms
Compiling package standard
Compiling package std_logic_1164
Compiling package numeric_std
Compiling package std_logic_arith
Compiling package std_logic_unsigned
Compiling package cpu_component_library
Compiling package textio
Compiling package cpu_constant_library
Compiling architecture behavioral of entity generic_register [\generic_register(8)\]
Compiling architecture behavioral of entity memory [\memory("init.coe")(1,8)\]
Compiling architecture behavioral of entity control_unit [control_unit_default]
Compiling architecture behavioral of entity cpu_registers [cpu_registers_default]
Compiling architecture behavioral of entity mux_2_1 [\mux_2_1(5)\]
Compiling architecture behavioral of entity mux_2_1 [\mux_2_1(32)\]
Compiling architecture behavioral of entity alu_control [alu_control_default]
Compiling architecture behavioral of entity alu [alu_default]
Compiling architecture behavioral of entity mux_2_1 [\mux_2_1(8)\]
Compiling architecture behavioral of entity cs161_processor [cs161_processor_default]
Compiling architecture behavior of entity tb
Time Resolution for simulation is 1ps.
Waiting for 1 sub-compilation(s) to finish...
Compiled 29 VHDL Units
Built simulation executable /home/csmajs/masfo001/Desktop/marker/tb_isim_beh.exe
Fuse Memory Usage: 1204944 KB
Fuse CPU Usage: 980 ms
GCC CPU Usage: 100 ms
